2024-11-25 17:41:04,591 - config - INFO - Бот запущен
2024-11-25 17:41:04,950 - httpx - INFO - HTTP Request: POST https://api.telegram.org/bot7960500201:AAHvJswbgjeAuB2cOE5kCWAojNKsICwVqe0/getMe "HTTP/1.1 200 OK"
2024-11-25 17:41:05,019 - httpx - INFO - HTTP Request: POST https://api.telegram.org/bot7960500201:AAHvJswbgjeAuB2cOE5kCWAojNKsICwVqe0/deleteWebhook "HTTP/1.1 200 OK"
2024-11-25 17:41:05,019 - telegram.ext.Application - INFO - Application started
2024-11-25 17:41:15,235 - httpx - INFO - HTTP Request: POST https://api.telegram.org/bot7960500201:AAHvJswbgjeAuB2cOE5kCWAojNKsICwVqe0/getUpdates "HTTP/1.1 200 OK"
2024-11-25 17:41:25,156 - httpx - INFO - HTTP Request: POST https://api.telegram.org/bot7960500201:AAHvJswbgjeAuB2cOE5kCWAojNKsICwVqe0/getUpdates "HTTP/1.1 200 OK"
2024-11-25 17:41:25,479 - httpx - INFO - HTTP Request: POST https://api.telegram.org/bot7960500201:AAHvJswbgjeAuB2cOE5kCWAojNKsICwVqe0/sendMessage "HTTP/1.1 200 OK"
2024-11-25 17:41:27,683 - httpx - INFO - HTTP Request: POST https://api.telegram.org/bot7960500201:AAHvJswbgjeAuB2cOE5kCWAojNKsICwVqe0/getUpdates "HTTP/1.1 200 OK"
2024-11-25 17:41:27,820 - httpx - INFO - HTTP Request: POST https://api.telegram.org/bot7960500201:AAHvJswbgjeAuB2cOE5kCWAojNKsICwVqe0/sendMessage "HTTP/1.1 200 OK"
2024-11-25 17:41:27,926 - httpx - INFO - HTTP Request: POST https://api.telegram.org/bot7960500201:AAHvJswbgjeAuB2cOE5kCWAojNKsICwVqe0/sendMessage "HTTP/1.1 200 OK"
2024-11-25 17:41:37,759 - httpx - INFO - HTTP Request: POST https://api.telegram.org/bot7960500201:AAHvJswbgjeAuB2cOE5kCWAojNKsICwVqe0/getUpdates "HTTP/1.1 200 OK"
2024-11-25 17:41:47,833 - httpx - INFO - HTTP Request: POST https://api.telegram.org/bot7960500201:AAHvJswbgjeAuB2cOE5kCWAojNKsICwVqe0/getUpdates "HTTP/1.1 200 OK"
2024-11-25 17:41:57,905 - httpx - INFO - HTTP Request: POST https://api.telegram.org/bot7960500201:AAHvJswbgjeAuB2cOE5kCWAojNKsICwVqe0/getUpdates "HTTP/1.1 200 OK"
2024-11-25 17:41:58,587 - httpx - INFO - HTTP Request: POST https://api.telegram.org/bot7960500201:AAHvJswbgjeAuB2cOE5kCWAojNKsICwVqe0/getUpdates "HTTP/1.1 200 OK"
2024-11-25 17:41:58,896 - httpx - INFO - HTTP Request: POST https://api.telegram.org/bot7960500201:AAHvJswbgjeAuB2cOE5kCWAojNKsICwVqe0/sendMessage "HTTP/1.1 200 OK"
2024-11-25 17:41:59,030 - httpx - INFO - HTTP Request: POST https://api.telegram.org/bot7960500201:AAHvJswbgjeAuB2cOE5kCWAojNKsICwVqe0/sendMessage "HTTP/1.1 200 OK"
2024-11-25 17:42:08,656 - httpx - INFO - HTTP Request: POST https://api.telegram.org/bot7960500201:AAHvJswbgjeAuB2cOE5kCWAojNKsICwVqe0/getUpdates "HTTP/1.1 200 OK"
2024-11-25 17:42:11,740 - httpx - INFO - HTTP Request: POST https://api.telegram.org/bot7960500201:AAHvJswbgjeAuB2cOE5kCWAojNKsICwVqe0/getUpdates "HTTP/1.1 200 OK"
2024-11-25 17:42:11,982 - httpx - INFO - HTTP Request: POST https://api.telegram.org/bot7960500201:AAHvJswbgjeAuB2cOE5kCWAojNKsICwVqe0/getFile "HTTP/1.1 200 OK"
2024-11-25 17:42:12,234 - httpx - INFO - HTTP Request: GET https://api.telegram.org/file/bot7960500201%3AAAHvJswbgjeAuB2cOE5kCWAojNKsICwVqe0/photos/file_28.jpg "HTTP/1.1 200 OK"
2024-11-25 17:42:12,639 - httpx - INFO - HTTP Request: POST https://api.telegram.org/bot7960500201:AAHvJswbgjeAuB2cOE5kCWAojNKsICwVqe0/sendMessage "HTTP/1.1 200 OK"
2024-11-25 17:42:21,813 - httpx - INFO - HTTP Request: POST https://api.telegram.org/bot7960500201:AAHvJswbgjeAuB2cOE5kCWAojNKsICwVqe0/getUpdates "HTTP/1.1 200 OK"
2024-11-25 17:42:31,895 - httpx - INFO - HTTP Request: POST https://api.telegram.org/bot7960500201:AAHvJswbgjeAuB2cOE5kCWAojNKsICwVqe0/getUpdates "HTTP/1.1 200 OK"
2024-11-25 17:42:41,958 - httpx - INFO - HTTP Request: POST https://api.telegram.org/bot7960500201:AAHvJswbgjeAuB2cOE5kCWAojNKsICwVqe0/getUpdates "HTTP/1.1 200 OK"
2024-11-25 17:42:52,030 - httpx - INFO - HTTP Request: POST https://api.telegram.org/bot7960500201:AAHvJswbgjeAuB2cOE5kCWAojNKsICwVqe0/getUpdates "HTTP/1.1 200 OK"
2024-11-25 17:43:02,101 - httpx - INFO - HTTP Request: POST https://api.telegram.org/bot7960500201:AAHvJswbgjeAuB2cOE5kCWAojNKsICwVqe0/getUpdates "HTTP/1.1 200 OK"
2024-11-25 17:43:12,185 - httpx - INFO - HTTP Request: POST https://api.telegram.org/bot7960500201:AAHvJswbgjeAuB2cOE5kCWAojNKsICwVqe0/getUpdates "HTTP/1.1 200 OK"
2024-11-25 17:43:22,255 - httpx - INFO - HTTP Request: POST https://api.telegram.org/bot7960500201:AAHvJswbgjeAuB2cOE5kCWAojNKsICwVqe0/getUpdates "HTTP/1.1 200 OK"
2024-11-25 17:43:32,326 - httpx - INFO - HTTP Request: POST https://api.telegram.org/bot7960500201:AAHvJswbgjeAuB2cOE5kCWAojNKsICwVqe0/getUpdates "HTTP/1.1 200 OK"
2024-11-25 17:43:42,401 - httpx - INFO - HTTP Request: POST https://api.telegram.org/bot7960500201:AAHvJswbgjeAuB2cOE5kCWAojNKsICwVqe0/getUpdates "HTTP/1.1 200 OK"
2024-11-25 17:43:52,478 - httpx - INFO - HTTP Request: POST https://api.telegram.org/bot7960500201:AAHvJswbgjeAuB2cOE5kCWAojNKsICwVqe0/getUpdates "HTTP/1.1 200 OK"
2024-11-25 17:44:02,553 - httpx - INFO - HTTP Request: POST https://api.telegram.org/bot7960500201:AAHvJswbgjeAuB2cOE5kCWAojNKsICwVqe0/getUpdates "HTTP/1.1 200 OK"
2024-11-25 17:44:12,625 - httpx - INFO - HTTP Request: POST https://api.telegram.org/bot7960500201:AAHvJswbgjeAuB2cOE5kCWAojNKsICwVqe0/getUpdates "HTTP/1.1 200 OK"
2024-11-25 17:45:27,831 - config - INFO - Бот запущен
2024-11-25 17:45:28,121 - httpx - INFO - HTTP Request: POST https://api.telegram.org/bot7960500201:AAHvJswbgjeAuB2cOE5kCWAojNKsICwVqe0/getMe "HTTP/1.1 200 OK"
2024-11-25 17:45:28,196 - httpx - INFO - HTTP Request: POST https://api.telegram.org/bot7960500201:AAHvJswbgjeAuB2cOE5kCWAojNKsICwVqe0/deleteWebhook "HTTP/1.1 200 OK"
2024-11-25 17:45:28,197 - telegram.ext.Application - INFO - Application started
2024-11-25 17:45:35,000 - httpx - INFO - HTTP Request: POST https://api.telegram.org/bot7960500201:AAHvJswbgjeAuB2cOE5kCWAojNKsICwVqe0/getUpdates "HTTP/1.1 200 OK"
2024-11-25 17:45:35,242 - httpx - INFO - HTTP Request: POST https://api.telegram.org/bot7960500201:AAHvJswbgjeAuB2cOE5kCWAojNKsICwVqe0/getFile "HTTP/1.1 200 OK"
2024-11-25 17:45:35,408 - httpx - INFO - HTTP Request: GET https://api.telegram.org/file/bot7960500201%3AAAHvJswbgjeAuB2cOE5kCWAojNKsICwVqe0/photos/file_8.jpg "HTTP/1.1 200 OK"
2024-11-25 17:45:35,692 - httpx - INFO - HTTP Request: POST https://api.telegram.org/bot7960500201:AAHvJswbgjeAuB2cOE5kCWAojNKsICwVqe0/sendMessage "HTTP/1.1 200 OK"
2024-11-25 17:45:45,066 - httpx - INFO - HTTP Request: POST https://api.telegram.org/bot7960500201:AAHvJswbgjeAuB2cOE5kCWAojNKsICwVqe0/getUpdates "HTTP/1.1 200 OK"
2024-11-25 17:45:55,141 - httpx - INFO - HTTP Request: POST https://api.telegram.org/bot7960500201:AAHvJswbgjeAuB2cOE5kCWAojNKsICwVqe0/getUpdates "HTTP/1.1 200 OK"
2024-11-25 17:46:05,231 - httpx - INFO - HTTP Request: POST https://api.telegram.org/bot7960500201:AAHvJswbgjeAuB2cOE5kCWAojNKsICwVqe0/getUpdates "HTTP/1.1 200 OK"
2024-11-25 17:46:15,305 - httpx - INFO - HTTP Request: POST https://api.telegram.org/bot7960500201:AAHvJswbgjeAuB2cOE5kCWAojNKsICwVqe0/getUpdates "HTTP/1.1 200 OK"
2024-11-25 17:46:25,384 - httpx - INFO - HTTP Request: POST https://api.telegram.org/bot7960500201:AAHvJswbgjeAuB2cOE5kCWAojNKsICwVqe0/getUpdates "HTTP/1.1 200 OK"
2024-11-25 17:46:35,458 - httpx - INFO - HTTP Request: POST https://api.telegram.org/bot7960500201:AAHvJswbgjeAuB2cOE5kCWAojNKsICwVqe0/getUpdates "HTTP/1.1 200 OK"
2024-11-25 17:46:45,538 - httpx - INFO - HTTP Request: POST https://api.telegram.org/bot7960500201:AAHvJswbgjeAuB2cOE5kCWAojNKsICwVqe0/getUpdates "HTTP/1.1 200 OK"
2024-11-25 17:46:54,345 - config - INFO - Бот запущен
2024-11-25 17:46:54,690 - httpx - INFO - HTTP Request: POST https://api.telegram.org/bot7960500201:AAHvJswbgjeAuB2cOE5kCWAojNKsICwVqe0/getMe "HTTP/1.1 200 OK"
2024-11-25 17:46:54,769 - httpx - INFO - HTTP Request: POST https://api.telegram.org/bot7960500201:AAHvJswbgjeAuB2cOE5kCWAojNKsICwVqe0/deleteWebhook "HTTP/1.1 200 OK"
2024-11-25 17:46:54,770 - telegram.ext.Application - INFO - Application started
2024-11-25 17:47:05,001 - httpx - INFO - HTTP Request: POST https://api.telegram.org/bot7960500201:AAHvJswbgjeAuB2cOE5kCWAojNKsICwVqe0/getUpdates "HTTP/1.1 200 OK"
2024-11-25 17:47:08,105 - httpx - INFO - HTTP Request: POST https://api.telegram.org/bot7960500201:AAHvJswbgjeAuB2cOE5kCWAojNKsICwVqe0/getUpdates "HTTP/1.1 200 OK"
2024-11-25 17:47:08,473 - httpx - INFO - HTTP Request: POST https://api.telegram.org/bot7960500201:AAHvJswbgjeAuB2cOE5kCWAojNKsICwVqe0/sendMessage "HTTP/1.1 200 OK"
2024-11-25 17:47:11,247 - httpx - INFO - HTTP Request: POST https://api.telegram.org/bot7960500201:AAHvJswbgjeAuB2cOE5kCWAojNKsICwVqe0/getUpdates "HTTP/1.1 200 OK"
2024-11-25 17:47:11,356 - httpx - INFO - HTTP Request: POST https://api.telegram.org/bot7960500201:AAHvJswbgjeAuB2cOE5kCWAojNKsICwVqe0/sendMessage "HTTP/1.1 200 OK"
2024-11-25 17:47:11,487 - httpx - INFO - HTTP Request: POST https://api.telegram.org/bot7960500201:AAHvJswbgjeAuB2cOE5kCWAojNKsICwVqe0/sendMessage "HTTP/1.1 200 OK"
2024-11-25 17:47:21,335 - httpx - INFO - HTTP Request: POST https://api.telegram.org/bot7960500201:AAHvJswbgjeAuB2cOE5kCWAojNKsICwVqe0/getUpdates "HTTP/1.1 200 OK"
2024-11-25 17:47:22,588 - httpx - INFO - HTTP Request: POST https://api.telegram.org/bot7960500201:AAHvJswbgjeAuB2cOE5kCWAojNKsICwVqe0/getUpdates "HTTP/1.1 200 OK"
2024-11-25 17:47:22,882 - httpx - INFO - HTTP Request: POST https://api.telegram.org/bot7960500201:AAHvJswbgjeAuB2cOE5kCWAojNKsICwVqe0/sendMessage "HTTP/1.1 200 OK"
2024-11-25 17:47:32,668 - httpx - INFO - HTTP Request: POST https://api.telegram.org/bot7960500201:AAHvJswbgjeAuB2cOE5kCWAojNKsICwVqe0/getUpdates "HTTP/1.1 200 OK"
2024-11-25 17:47:38,317 - httpx - INFO - HTTP Request: POST https://api.telegram.org/bot7960500201:AAHvJswbgjeAuB2cOE5kCWAojNKsICwVqe0/getUpdates "HTTP/1.1 200 OK"
2024-11-25 17:47:38,586 - httpx - INFO - HTTP Request: POST https://api.telegram.org/bot7960500201:AAHvJswbgjeAuB2cOE5kCWAojNKsICwVqe0/sendMessage "HTTP/1.1 200 OK"
2024-11-25 17:47:38,722 - httpx - INFO - HTTP Request: POST https://api.telegram.org/bot7960500201:AAHvJswbgjeAuB2cOE5kCWAojNKsICwVqe0/sendMessage "HTTP/1.1 200 OK"
2024-11-25 17:47:46,157 - httpx - INFO - HTTP Request: POST https://api.telegram.org/bot7960500201:AAHvJswbgjeAuB2cOE5kCWAojNKsICwVqe0/getUpdates "HTTP/1.1 200 OK"
2024-11-25 17:47:46,388 - httpx - INFO - HTTP Request: POST https://api.telegram.org/bot7960500201:AAHvJswbgjeAuB2cOE5kCWAojNKsICwVqe0/getFile "HTTP/1.1 200 OK"
2024-11-25 17:47:46,561 - httpx - INFO - HTTP Request: GET https://api.telegram.org/file/bot7960500201%3AAAHvJswbgjeAuB2cOE5kCWAojNKsICwVqe0/photos/file_26.jpg "HTTP/1.1 200 OK"
2024-11-25 17:47:46,854 - httpx - INFO - HTTP Request: POST https://api.telegram.org/bot7960500201:AAHvJswbgjeAuB2cOE5kCWAojNKsICwVqe0/sendMessage "HTTP/1.1 200 OK"
2024-11-25 17:47:56,229 - httpx - INFO - HTTP Request: POST https://api.telegram.org/bot7960500201:AAHvJswbgjeAuB2cOE5kCWAojNKsICwVqe0/getUpdates "HTTP/1.1 200 OK"
2024-11-25 17:48:06,317 - httpx - INFO - HTTP Request: POST https://api.telegram.org/bot7960500201:AAHvJswbgjeAuB2cOE5kCWAojNKsICwVqe0/getUpdates "HTTP/1.1 200 OK"
2024-11-25 17:48:16,414 - httpx - INFO - HTTP Request: POST https://api.telegram.org/bot7960500201:AAHvJswbgjeAuB2cOE5kCWAojNKsICwVqe0/getUpdates "HTTP/1.1 200 OK"
2024-11-25 17:48:26,526 - httpx - INFO - HTTP Request: POST https://api.telegram.org/bot7960500201:AAHvJswbgjeAuB2cOE5kCWAojNKsICwVqe0/getUpdates "HTTP/1.1 200 OK"
2024-11-25 17:48:36,605 - httpx - INFO - HTTP Request: POST https://api.telegram.org/bot7960500201:AAHvJswbgjeAuB2cOE5kCWAojNKsICwVqe0/getUpdates "HTTP/1.1 200 OK"
2024-11-25 17:48:46,689 - httpx - INFO - HTTP Request: POST https://api.telegram.org/bot7960500201:AAHvJswbgjeAuB2cOE5kCWAojNKsICwVqe0/getUpdates "HTTP/1.1 200 OK"
2024-11-25 17:48:56,789 - httpx - INFO - HTTP Request: POST https://api.telegram.org/bot7960500201:AAHvJswbgjeAuB2cOE5kCWAojNKsICwVqe0/getUpdates "HTTP/1.1 200 OK"
2024-11-25 17:49:06,872 - httpx - INFO - HTTP Request: POST https://api.telegram.org/bot7960500201:AAHvJswbgjeAuB2cOE5kCWAojNKsICwVqe0/getUpdates "HTTP/1.1 200 OK"
2024-11-25 17:49:16,955 - httpx - INFO - HTTP Request: POST https://api.telegram.org/bot7960500201:AAHvJswbgjeAuB2cOE5kCWAojNKsICwVqe0/getUpdates "HTTP/1.1 200 OK"
2024-11-25 17:49:27,038 - httpx - INFO - HTTP Request: POST https://api.telegram.org/bot7960500201:AAHvJswbgjeAuB2cOE5kCWAojNKsICwVqe0/getUpdates "HTTP/1.1 200 OK"
2024-11-25 17:49:37,127 - httpx - INFO - HTTP Request: POST https://api.telegram.org/bot7960500201:AAHvJswbgjeAuB2cOE5kCWAojNKsICwVqe0/getUpdates "HTTP/1.1 200 OK"
